<?xml version="1.0" encoding="UTF-8"?>
<!-- Generated by org.testng.reporters.JUnitXMLReporter -->
<testsuite hostname="MACC02MXRWEFH00" name="Default test" tests="3" failures="0" timestamp="18 Oct 2017 07:00:32 GMT" time="5.036" errors="0">
  <testcase name="loginHHGW" time="3.068" classname="com.philips.request.RequestClass"/>
  <testcase name="loginHHGW" time="0.497" classname="com.philips.request.RequestClass"/>
  <testcase name="loginHHGW" time="0.371" classname="com.philips.request.RequestClass"/>
</testsuite> <!-- Default test -->
