<?xml version="1.0" encoding="UTF-8"?>
<testng-results skipped="0" failed="0" total="3" passed="3">
  <reporter-output>
  </reporter-output>
  <suite name="Login Security Suite" duration-ms="5089" started-at="2017-10-18T07:15:03Z" finished-at="2017-10-18T07:15:09Z">
    <groups>
    </groups>
    <test name="Login Security Testing" duration-ms="5089" started-at="2017-10-18T07:15:03Z" finished-at="2017-10-18T07:15:09Z">
      <class name="com.philips.request.RequestClass">
        <test-method status="PASS" signature="configure()[pri:0, instance:com.philips.request.RequestClass@6a28ffa4]" name="configure" is-config="true" duration-ms="1003" started-at="2017-10-18T12:45:03Z" finished-at="2017-10-18T12:45:04Z">
          <reporter-output>
          </reporter-output>
        </test-method> <!-- configure -->
        <test-method status="PASS" signature="loginHHGW(java.util.Hashtable)[pri:1, instance:com.philips.request.RequestClass@6a28ffa4]" name="loginHHGW" duration-ms="2973" started-at="2017-10-18T12:45:05Z" data-provider="getLoginDetails" finished-at="2017-10-18T12:45:07Z">
          <params>
            <param index="0">
              <value>
                <![CDATA[{password=Philips@1, methodType=POST, Headers={
"content-type":"application/json"
}, Url=https://hhgw-%s.cloud.pcftest.com/api/auth, username=shabana1@mailinator.com}]]>
              </value>
            </param>
          </params>
          <reporter-output>
          </reporter-output>
        </test-method> <!-- loginHHGW -->
        <test-method status="PASS" signature="loginHHGW(java.util.Hashtable)[pri:1, instance:com.philips.request.RequestClass@6a28ffa4]" name="loginHHGW" duration-ms="746" started-at="2017-10-18T12:45:07Z" data-provider="getLoginDetails" finished-at="2017-10-18T12:45:08Z">
          <params>
            <param index="0">
              <value>
                <![CDATA[{password=!=, methodType=POST, Headers={
"content-type":"application/json"
}, Url=https://hhgw-%s.cloud.pcftest.com/api/auth, username=shabana1@mailinator.com}]]>
              </value>
            </param>
          </params>
          <reporter-output>
          </reporter-output>
        </test-method> <!-- loginHHGW -->
        <test-method status="PASS" signature="loginHHGW(java.util.Hashtable)[pri:1, instance:com.philips.request.RequestClass@6a28ffa4]" name="loginHHGW" duration-ms="308" started-at="2017-10-18T12:45:08Z" data-provider="getLoginDetails" finished-at="2017-10-18T12:45:09Z">
          <params>
            <param index="0">
              <value>
                <![CDATA[{password=Philips@1, methodType=GET, Headers={
"content-type":"application/json"
}, Url=https://hhgw-%s.cloud.pcftest.com/api/auth, username=shabana1@mailinator.com}]]>
              </value>
            </param>
          </params>
          <reporter-output>
          </reporter-output>
        </test-method> <!-- loginHHGW -->
      </class> <!-- com.philips.request.RequestClass -->
    </test> <!-- Login Security Testing -->
  </suite> <!-- Login Security Suite -->
</testng-results>
