<?xml version="1.0" encoding="UTF-8"?>
<!-- Generated by org.testng.reporters.JUnitXMLReporter -->
<testsuite hostname="MACC02MXRWEFH00" name="Login Security Testing" tests="2" failures="1" timestamp="24 Oct 2017 07:20:29 GMT" time="1207.405" errors="0">
  <testcase name="login" time="5.686" classname="com.philips.request.RequestClass"/>
  <testcase name="getProfile" time="1192.526" classname="com.philips.request.RequestClass">
    <failure type="java.lang.IllegalArgumentException" message="Illegal character in path at index 47: https://ghgw-mars.cloud.pcftest.com/api/users/&amp;apos; or 1 in (@@version)--/hello=hivalue/bye=byevalue">
      <![CDATA[java.lang.IllegalArgumentException: Illegal character in path at index 47: https://ghgw-mars.cloud.pcftest.com/api/users/' or 1 in (@@version)--/hello=hivalue/bye=byevalue
	at java.net.URI.create(URI.java:852)
	at org.apache.http.client.methods.HttpPost.<init>(HttpPost.java:76)
	at com.philips.restservices.RestService.generateRequest(RestService.java:208)
	at com.philips.request.RequestClass.configureURLRequest(RequestClass.java:190)
	at com.philips.request.RequestClass.getProfile(RequestClass.java:450)
Caused by: java.net.URISyntaxException: Illegal character in path at index 47: https://ghgw-mars.cloud.pcftest.com/api/users/' or 1 in (@@version)--/hello=hivalue/bye=byevalue
	at java.net.URI$Parser.fail(URI.java:2848)
	at java.net.URI$Parser.checkChars(URI.java:3021)
	at java.net.URI$Parser.parseHierarchical(URI.java:3105)
	at java.net.URI$Parser.parse(URI.java:3053)
	at java.net.URI.<init>(URI.java:588)
	at java.net.URI.create(URI.java:850)
	... 29 more
... Removed 25 stack frames]]>
    </failure>
  </testcase> <!-- getProfile -->
</testsuite> <!-- Login Security Testing -->
